<?xml version="1.0" encoding="UTF-8"?>
<!-- Generated by org.testng.reporters.JUnitReportReporter -->
<testsuite hostname="DESKTOP-K7J2E45" failures="0" tests="1" name="com.saucedemo.testlayer.LoginTest" time="24.693" errors="0" timestamp="2023-10-03T14:43:37 IST" skipped="0">
  <testcase classname="com.saucedemo.testlayer.LoginTest" name="validateTheLoginPage" time="24.693"/>
</testsuite> <!-- com.saucedemo.testlayer.LoginTest -->
